<?xml version="1.0" encoding="UTF-8"?>
<testsuite xmlns:xsi="http://www.w3.org/2001/XMLSchema-instance" xsi:noNamespaceSchemaLocation="https://maven.apache.org/surefire/maven-surefire-plugin/xsd/surefire-test-report.xsd" version="3.0.2" name="com.junitexample.PasswordValidatorTests" time="0.04" tests="4" errors="0" skipped="0" failures="0">
  <properties>
[...]
</properties>
  <testcase name="validateMediumPassowrdsWithoutNums" classname="com.junitexample.PasswordValidatorTests" time="0.019"/>
  <testcase name="validateBigPasswords" classname="com.junitexample.PasswordValidatorTests" time="0.001"/>
  <testcase name="validateSmallPass" classname="com.junitexample.PasswordValidatorTests" time="0.001"/>
  <testcase name="validateMediumPasswordsWithNums" classname="com.junitexample.PasswordValidatorTests" time="0.001"/>
</testsuite>